***********************************************************************
*
*	DYNAMIC LINK AND INDIRECT ALLOCATION LISTING FOR: CT Sinago
*
***********************************************************************


***************************************************
	 FIRST CODE AREA
***************************************************

***************************************************
	 DATABLOCK PATCHES
***************************************************
*
* List of data blocks that will be checked run-time for consistency with
* their definition available at compile-time
*
*
*	REQUIREMENTS for DATA BLOCK %M1
*		Process image: 0
*		Number of elements: 640
*		Data size (bytes): 1
0000	00 00 01 00 80 02 00 00 01 00 00 00 

*
*	REQUIREMENTS for DATA BLOCK %M0
*		Process image: 0
*		Number of elements: 768
*		Data size (bytes): 1
000C	00 00 00 00 00 03 00 00 01 00 00 00 

*
*	REQUIREMENTS for DATA BLOCK %Q255
*		Process image: 1
*		Number of elements: 32
*		Data size (bytes): 1
0018	01 02 FF 00 20 00 00 00 01 00 00 00 

*
* List of all references to data allocated on data blocks
* along with the whole information required by the run-time linker
*
*
*	2 REFERENCE(S) TO 32-BIT VAR AT BYTE #320 OF DATA BLOCK %M0
0000	00 00 00 00 40 01 00 00 00 04 02 00 

*		Instruction type: 0x00
*		Code offset: 0x000117
000C	17 01 00 00 

*		Instruction type: 0x00
*		Code offset: 0x00016B
0010	6B 01 00 00 

*
*	5 REFERENCE(S) TO 8-BIT VAR AT BYTE #1 OF DATA BLOCK %Q255
0014	00 00 FF 00 01 00 00 00 02 01 05 00 

*		Instruction type: 0x00
*		Code offset: 0x00082A
0020	2A 08 00 00 

*		Instruction type: 0x00
*		Code offset: 0x000974
0024	74 09 00 00 

*		Instruction type: 0x00
*		Code offset: 0x000A37
0028	37 0A 00 00 

*		Instruction type: 0x00
*		Code offset: 0x000B16
002C	16 0B 00 00 

*		Instruction type: 0x00
*		Code offset: 0x000D48
0030	48 0D 00 00 

*
*	7 REFERENCE(S) TO 8-BIT VAR AT BYTE #3 OF DATA BLOCK %Q255
0034	00 00 FF 00 03 00 00 00 02 01 07 00 

*		Instruction type: 0x00
*		Code offset: 0x000838
0040	38 08 00 00 

*		Instruction type: 0x00
*		Code offset: 0x000982
0044	82 09 00 00 

*		Instruction type: 0x00
*		Code offset: 0x000A45
0048	45 0A 00 00 

*		Instruction type: 0x00
*		Code offset: 0x000A98
004C	98 0A 00 00 

*		Instruction type: 0x00
*		Code offset: 0x000AC5
0050	C5 0A 00 00 

*		Instruction type: 0x00
*		Code offset: 0x000B24
0054	24 0B 00 00 

*		Instruction type: 0x00
*		Code offset: 0x000D56
0058	56 0D 00 00 

*
*	9 REFERENCE(S) TO 8-BIT VAR AT BYTE #0 OF DATA BLOCK %Q255
005C	00 00 FF 00 00 00 00 00 02 01 09 00 

*		Instruction type: 0x00
*		Code offset: 0x00080E
0068	0E 08 00 00 

*		Instruction type: 0x00
*		Code offset: 0x000873
006C	73 08 00 00 

*		Instruction type: 0x00
*		Code offset: 0x000958
0070	58 09 00 00 

*		Instruction type: 0x00
*		Code offset: 0x000A1B
0074	1B 0A 00 00 

*		Instruction type: 0x00
*		Code offset: 0x000AFA
0078	FA 0A 00 00 

*		Instruction type: 0x00
*		Code offset: 0x000B72
007C	72 0B 00 00 

*		Instruction type: 0x00
*		Code offset: 0x000BDE
0080	DE 0B 00 00 

*		Instruction type: 0x00
*		Code offset: 0x000C77
0084	77 0C 00 00 

*		Instruction type: 0x00
*		Code offset: 0x000D2C
0088	2C 0D 00 00 

*
*	5 REFERENCE(S) TO 8-BIT VAR AT BYTE #2 OF DATA BLOCK %Q255
008C	00 00 FF 00 02 00 00 00 02 01 05 00 

*		Instruction type: 0x00
*		Code offset: 0x00081C
0098	1C 08 00 00 

*		Instruction type: 0x00
*		Code offset: 0x000966
009C	66 09 00 00 

*		Instruction type: 0x00
*		Code offset: 0x000A29
00A0	29 0A 00 00 

*		Instruction type: 0x00
*		Code offset: 0x000B08
00A4	08 0B 00 00 

*		Instruction type: 0x00
*		Code offset: 0x000D3A
00A8	3A 0D 00 00 

*
*	1 REFERENCE(S) TO 32-BIT VAR AT BYTE #256 OF DATA BLOCK %M1
00AC	00 00 01 00 00 01 00 00 00 04 01 00 

*		Instruction type: 0x00
*		Code offset: 0x000D86
00B8	86 0D 00 00 


***************************************************
	 FUNCTION PATCHES
***************************************************

NAME: SysXUnifiedValue  - NUM: 1
	 Patch - TYPE: 0x0 - CODE OFFSET: 0x0006C9

NAME: SysETimeToDate  - NUM: 1
	 Patch - TYPE: 0x0 - CODE OFFSET: 0x000D97

NAME: ST_STRING_SAFE  - NUM: 1
	 Patch - TYPE: 0x0 - CODE OFFSET: 0x0006A7

***************************************************
	MEMORY AREA ACCESS PATCH
***************************************************
*
* List of all references to data allocated in memory areas
* along with the whole information required by the run-time linker
*
*
*	1 REFERENCE(S) TO 8-BIT VAR AT BYTE #244 OF CODE AREA
0000	43 01 01 00 F4 00 00 00 

*		Instruction type: 0x00
*		Code offset: 0x000692
0008	92 06 00 00 

*
*	1 REFERENCE(S) TO 8-BIT VAR AT BYTE #12 OF DATA AREA
000C	44 01 01 00 0C 00 00 00 

*		Instruction type: 0x00
*		Code offset: 0x00070A
0014	0A 07 00 00 

*
*	2 REFERENCE(S) TO 8-BIT VAR AT BYTE #13 OF DATA AREA
0018	44 01 02 00 0D 00 00 00 

*		Instruction type: 0x00
*		Code offset: 0x000738
0020	38 07 00 00 

*		Instruction type: 0x00
*		Code offset: 0x000CE4
0024	E4 0C 00 00 

*
*	3 REFERENCE(S) TO 8-BIT VAR AT BYTE #14 OF DATA AREA
0028	44 01 03 00 0E 00 00 00 

*		Instruction type: 0x00
*		Code offset: 0x000740
0030	40 07 00 00 

*		Instruction type: 0x00
*		Code offset: 0x000CF2
0034	F2 0C 00 00 

*		Instruction type: 0x00
*		Code offset: 0x001072
0038	72 10 00 00 

*
*	1 REFERENCE(S) TO 8-BIT VAR AT BYTE #15 OF DATA AREA
003C	44 01 01 00 0F 00 00 00 

*		Instruction type: 0x00
*		Code offset: 0x000DB1
0044	B1 0D 00 00 

*
*	1 REFERENCE(S) TO 16-BIT VAR AT BYTE #16 OF DATA AREA
0048	44 02 01 00 10 00 00 00 

*		Instruction type: 0x00
*		Code offset: 0x000768
0050	68 07 00 00 

*
*	10 REFERENCE(S) TO 16-BIT VAR AT BYTE #22 OF DATA AREA
0054	44 02 0A 00 16 00 00 00 

*		Instruction type: 0x00
*		Code offset: 0x000847
005C	47 08 00 00 

*		Instruction type: 0x00
*		Code offset: 0x000890
0060	90 08 00 00 

*		Instruction type: 0x00
*		Code offset: 0x00090D
0064	0D 09 00 00 

*		Instruction type: 0x00
*		Code offset: 0x00099F
0068	9F 09 00 00 

*		Instruction type: 0x00
*		Code offset: 0x000A62
006C	62 0A 00 00 

*		Instruction type: 0x00
*		Code offset: 0x000B41
0070	41 0B 00 00 

*		Instruction type: 0x00
*		Code offset: 0x000BA8
0074	A8 0B 00 00 

*		Instruction type: 0x00
*		Code offset: 0x000C41
0078	41 0C 00 00 

*		Instruction type: 0x00
*		Code offset: 0x000CAD
007C	AD 0C 00 00 

*		Instruction type: 0x00
*		Code offset: 0x0010A6
0080	A6 10 00 00 

*
*	10 REFERENCE(S) TO 16-BIT VAR AT BYTE #24 OF DATA AREA
0084	44 02 0A 00 18 00 00 00 

*		Instruction type: 0x00
*		Code offset: 0x00084E
008C	4E 08 00 00 

*		Instruction type: 0x00
*		Code offset: 0x000897
0090	97 08 00 00 

*		Instruction type: 0x00
*		Code offset: 0x000914
0094	14 09 00 00 

*		Instruction type: 0x00
*		Code offset: 0x0009A6
0098	A6 09 00 00 

*		Instruction type: 0x00
*		Code offset: 0x000A69
009C	69 0A 00 00 

*		Instruction type: 0x00
*		Code offset: 0x000B48
00A0	48 0B 00 00 

*		Instruction type: 0x00
*		Code offset: 0x000BAF
00A4	AF 0B 00 00 

*		Instruction type: 0x00
*		Code offset: 0x000C48
00A8	48 0C 00 00 

*		Instruction type: 0x00
*		Code offset: 0x000CB4
00AC	B4 0C 00 00 

*		Instruction type: 0x00
*		Code offset: 0x0010AF
00B0	AF 10 00 00 

*
*	1 REFERENCE(S) TO 0-BIT VAR AT BYTE #40 OF DATA AREA
00B4	44 00 01 00 28 00 00 00 

*		Instruction type: 0x00
*		Code offset: 0x000D92
00BC	92 0D 00 00 

*
*	1 REFERENCE(S) TO 32-BIT VAR AT BYTE #45 OF DATA AREA
00C0	44 04 01 00 2D 00 00 00 

*		Instruction type: 0x00
*		Code offset: 0x000D8C
00C8	8C 0D 00 00 

*
*	1 REFERENCE(S) TO 8-BIT VAR AT BYTE #49 OF DATA AREA
00CC	44 01 01 00 31 00 00 00 

*		Instruction type: 0x00
*		Code offset: 0x000DA8
00D4	A8 0D 00 00 

*
*	1 REFERENCE(S) TO 8-BIT VAR AT BYTE #50 OF DATA AREA
00D8	44 01 01 00 32 00 00 00 

*		Instruction type: 0x00
*		Code offset: 0x000DB9
00E0	B9 0D 00 00 

*
*	1 REFERENCE(S) TO 16-BIT VAR AT BYTE #51 OF DATA AREA
00E4	44 02 01 00 33 00 00 00 

*		Instruction type: 0x00
*		Code offset: 0x000DCB
00EC	CB 0D 00 00 

*
*	1 REFERENCE(S) TO 8-BIT VAR AT BYTE #53 OF DATA AREA
00F0	44 01 01 00 35 00 00 00 

*		Instruction type: 0x00
*		Code offset: 0x000DDA
00F8	DA 0D 00 00 

*
*	1 REFERENCE(S) TO 8-BIT VAR AT BYTE #54 OF DATA AREA
00FC	44 01 01 00 36 00 00 00 

*		Instruction type: 0x00
*		Code offset: 0x000DF8
0104	F8 0D 00 00 

*
*	1 REFERENCE(S) TO 8-BIT VAR AT BYTE #55 OF DATA AREA
0108	44 01 01 00 37 00 00 00 

*		Instruction type: 0x00
*		Code offset: 0x000E07
0110	07 0E 00 00 

*
*	1 REFERENCE(S) TO 8-BIT VAR AT BYTE #56 OF DATA AREA
0114	44 01 01 00 38 00 00 00 

*		Instruction type: 0x00
*		Code offset: 0x000E16
011C	16 0E 00 00 

*
*	1 REFERENCE(S) TO 8-BIT VAR AT BYTE #57 OF DATA AREA
0120	44 01 01 00 39 00 00 00 

*		Instruction type: 0x00
*		Code offset: 0x000E25
0128	25 0E 00 00 

*
*	1 REFERENCE(S) TO 8-BIT VAR AT BYTE #58 OF DATA AREA
012C	44 01 01 00 3A 00 00 00 

*		Instruction type: 0x00
*		Code offset: 0x000DE9
0134	E9 0D 00 00 

*
*	1 REFERENCE(S) TO 8-BIT VAR AT BYTE #59 OF DATA AREA
0138	44 01 01 00 3B 00 00 00 

*		Instruction type: 0x00
*		Code offset: 0x000DC2
0140	C2 0D 00 00 

*
*	1 REFERENCE(S) TO 16-BIT VAR AT BYTE #60 OF DATA AREA
0144	44 02 01 00 3C 00 00 00 

*		Instruction type: 0x00
*		Code offset: 0x000DD2
014C	D2 0D 00 00 

*
*	1 REFERENCE(S) TO 16-BIT VAR AT BYTE #62 OF DATA AREA
0150	44 02 01 00 3E 00 00 00 

*		Instruction type: 0x00
*		Code offset: 0x000DE1
0158	E1 0D 00 00 

*
*	1 REFERENCE(S) TO 16-BIT VAR AT BYTE #64 OF DATA AREA
015C	44 02 01 00 40 00 00 00 

*		Instruction type: 0x00
*		Code offset: 0x000DF0
0164	F0 0D 00 00 

*
*	1 REFERENCE(S) TO 16-BIT VAR AT BYTE #66 OF DATA AREA
0168	44 02 01 00 42 00 00 00 

*		Instruction type: 0x00
*		Code offset: 0x000DFF
0170	FF 0D 00 00 

*
*	2 REFERENCE(S) TO 16-BIT VAR AT BYTE #68 OF DATA AREA
0174	44 02 02 00 44 00 00 00 

*		Instruction type: 0x00
*		Code offset: 0x000E0E
017C	0E 0E 00 00 

*		Instruction type: 0x00
*		Code offset: 0x000E33
0180	33 0E 00 00 

*
*	2 REFERENCE(S) TO 16-BIT VAR AT BYTE #70 OF DATA AREA
0184	44 02 02 00 46 00 00 00 

*		Instruction type: 0x00
*		Code offset: 0x000E1D
018C	1D 0E 00 00 

*		Instruction type: 0x00
*		Code offset: 0x000E41
0190	41 0E 00 00 

*
*	2 REFERENCE(S) TO 16-BIT VAR AT BYTE #72 OF DATA AREA
0194	44 02 02 00 48 00 00 00 

*		Instruction type: 0x00
*		Code offset: 0x000E2C
019C	2C 0E 00 00 

*		Instruction type: 0x00
*		Code offset: 0x000E4F
01A0	4F 0E 00 00 

*
*	1 REFERENCE(S) TO 0-BIT VAR AT BYTE #74 OF DATA AREA
01A4	44 00 01 00 4A 00 00 00 

*		Instruction type: 0x00
*		Code offset: 0x00105B
01AC	5B 10 00 00 

*
*	1 REFERENCE(S) TO 16-BIT VAR AT BYTE #76 OF DATA AREA
01B0	44 02 01 00 4C 00 00 00 

*		Instruction type: 0x00
*		Code offset: 0x000E3A
01B8	3A 0E 00 00 

*
*	1 REFERENCE(S) TO 16-BIT VAR AT BYTE #78 OF DATA AREA
01BC	44 02 01 00 4E 00 00 00 

*		Instruction type: 0x00
*		Code offset: 0x000E48
01C4	48 0E 00 00 

*
*	1 REFERENCE(S) TO 16-BIT VAR AT BYTE #80 OF DATA AREA
01C8	44 02 01 00 50 00 00 00 

*		Instruction type: 0x00
*		Code offset: 0x000E56
01D0	56 0E 00 00 

*
*	1 REFERENCE(S) TO 16-BIT VAR AT BYTE #82 OF DATA AREA
01D4	44 02 01 00 52 00 00 00 

*		Instruction type: 0x00
*		Code offset: 0x000E64
01DC	64 0E 00 00 

*
*	1 REFERENCE(S) TO 16-BIT VAR AT BYTE #84 OF DATA AREA
01E0	44 02 01 00 54 00 00 00 

*		Instruction type: 0x00
*		Code offset: 0x000E72
01E8	72 0E 00 00 

*
*	1 REFERENCE(S) TO 16-BIT VAR AT BYTE #86 OF DATA AREA
01EC	44 02 01 00 56 00 00 00 

*		Instruction type: 0x00
*		Code offset: 0x000E80
01F4	80 0E 00 00 

*
*	1 REFERENCE(S) TO 16-BIT VAR AT BYTE #88 OF DATA AREA
01F8	44 02 01 00 58 00 00 00 

*		Instruction type: 0x00
*		Code offset: 0x000E8E
0200	8E 0E 00 00 

*
*	1 REFERENCE(S) TO 16-BIT VAR AT BYTE #90 OF DATA AREA
0204	44 02 01 00 5A 00 00 00 

*		Instruction type: 0x00
*		Code offset: 0x000E9C
020C	9C 0E 00 00 

*
*	1 REFERENCE(S) TO 16-BIT VAR AT BYTE #92 OF DATA AREA
0210	44 02 01 00 5C 00 00 00 

*		Instruction type: 0x00
*		Code offset: 0x000EAA
0218	AA 0E 00 00 

*
*	1 REFERENCE(S) TO 16-BIT VAR AT BYTE #94 OF DATA AREA
021C	44 02 01 00 5E 00 00 00 

*		Instruction type: 0x00
*		Code offset: 0x000EB8
0224	B8 0E 00 00 

*
*	1 REFERENCE(S) TO 16-BIT VAR AT BYTE #96 OF DATA AREA
0228	44 02 01 00 60 00 00 00 

*		Instruction type: 0x00
*		Code offset: 0x000EC6
0230	C6 0E 00 00 

*
*	1 REFERENCE(S) TO 16-BIT VAR AT BYTE #98 OF DATA AREA
0234	44 02 01 00 62 00 00 00 

*		Instruction type: 0x00
*		Code offset: 0x000ED4
023C	D4 0E 00 00 

*
*	1 REFERENCE(S) TO 16-BIT VAR AT BYTE #100 OF DATA AREA
0240	44 02 01 00 64 00 00 00 

*		Instruction type: 0x00
*		Code offset: 0x000EE2
0248	E2 0E 00 00 

*
*	1 REFERENCE(S) TO 16-BIT VAR AT BYTE #102 OF DATA AREA
024C	44 02 01 00 66 00 00 00 

*		Instruction type: 0x00
*		Code offset: 0x000EF0
0254	F0 0E 00 00 

*
*	1 REFERENCE(S) TO 16-BIT VAR AT BYTE #104 OF DATA AREA
0258	44 02 01 00 68 00 00 00 

*		Instruction type: 0x00
*		Code offset: 0x000EFE
0260	FE 0E 00 00 

*
*	1 REFERENCE(S) TO 16-BIT VAR AT BYTE #106 OF DATA AREA
0264	44 02 01 00 6A 00 00 00 

*		Instruction type: 0x00
*		Code offset: 0x000F0C
026C	0C 0F 00 00 

*
*	1 REFERENCE(S) TO 16-BIT VAR AT BYTE #108 OF DATA AREA
0270	44 02 01 00 6C 00 00 00 

*		Instruction type: 0x00
*		Code offset: 0x000F1A
0278	1A 0F 00 00 

*
*	1 REFERENCE(S) TO 16-BIT VAR AT BYTE #110 OF DATA AREA
027C	44 02 01 00 6E 00 00 00 

*		Instruction type: 0x00
*		Code offset: 0x000F28
0284	28 0F 00 00 

*
*	1 REFERENCE(S) TO 16-BIT VAR AT BYTE #112 OF DATA AREA
0288	44 02 01 00 70 00 00 00 

*		Instruction type: 0x00
*		Code offset: 0x000F36
0290	36 0F 00 00 

*
*	1 REFERENCE(S) TO 16-BIT VAR AT BYTE #114 OF DATA AREA
0294	44 02 01 00 72 00 00 00 

*		Instruction type: 0x00
*		Code offset: 0x000F44
029C	44 0F 00 00 

*
*	1 REFERENCE(S) TO 16-BIT VAR AT BYTE #116 OF DATA AREA
02A0	44 02 01 00 74 00 00 00 

*		Instruction type: 0x00
*		Code offset: 0x000F52
02A8	52 0F 00 00 

*
*	1 REFERENCE(S) TO 16-BIT VAR AT BYTE #118 OF DATA AREA
02AC	44 02 01 00 76 00 00 00 

*		Instruction type: 0x00
*		Code offset: 0x000F60
02B4	60 0F 00 00 

*
*	1 REFERENCE(S) TO 16-BIT VAR AT BYTE #120 OF DATA AREA
02B8	44 02 01 00 78 00 00 00 

*		Instruction type: 0x00
*		Code offset: 0x000F6E
02C0	6E 0F 00 00 

*
*	1 REFERENCE(S) TO 16-BIT VAR AT BYTE #122 OF DATA AREA
02C4	44 02 01 00 7A 00 00 00 

*		Instruction type: 0x00
*		Code offset: 0x000F7C
02CC	7C 0F 00 00 

*
*	1 REFERENCE(S) TO 16-BIT VAR AT BYTE #124 OF DATA AREA
02D0	44 02 01 00 7C 00 00 00 

*		Instruction type: 0x00
*		Code offset: 0x000F8A
02D8	8A 0F 00 00 

*
*	1 REFERENCE(S) TO 16-BIT VAR AT BYTE #126 OF DATA AREA
02DC	44 02 01 00 7E 00 00 00 

*		Instruction type: 0x00
*		Code offset: 0x000F98
02E4	98 0F 00 00 

*
*	1 REFERENCE(S) TO 16-BIT VAR AT BYTE #128 OF DATA AREA
02E8	44 02 01 00 80 00 00 00 

*		Instruction type: 0x00
*		Code offset: 0x000FA6
02F0	A6 0F 00 00 

*
*	1 REFERENCE(S) TO 16-BIT VAR AT BYTE #130 OF DATA AREA
02F4	44 02 01 00 82 00 00 00 

*		Instruction type: 0x00
*		Code offset: 0x000FB4
02FC	B4 0F 00 00 

*
*	1 REFERENCE(S) TO 16-BIT VAR AT BYTE #132 OF DATA AREA
0300	44 02 01 00 84 00 00 00 

*		Instruction type: 0x00
*		Code offset: 0x000FC2
0308	C2 0F 00 00 

*
*	1 REFERENCE(S) TO 16-BIT VAR AT BYTE #134 OF DATA AREA
030C	44 02 01 00 86 00 00 00 

*		Instruction type: 0x00
*		Code offset: 0x000FD0
0314	D0 0F 00 00 

*
*	1 REFERENCE(S) TO 16-BIT VAR AT BYTE #136 OF DATA AREA
0318	44 02 01 00 88 00 00 00 

*		Instruction type: 0x00
*		Code offset: 0x000FDE
0320	DE 0F 00 00 

*
*	1 REFERENCE(S) TO 8-BIT VAR AT BYTE #138 OF DATA AREA
0324	44 01 01 00 8A 00 00 00 

*		Instruction type: 0x00
*		Code offset: 0x000FEF
032C	EF 0F 00 00 

*
*	1 REFERENCE(S) TO 8-BIT VAR AT BYTE #139 OF DATA AREA
0330	44 01 01 00 8B 00 00 00 

*		Instruction type: 0x00
*		Code offset: 0x001000
0338	00 10 00 00 

*
*	1 REFERENCE(S) TO 8-BIT VAR AT BYTE #140 OF DATA AREA
033C	44 01 01 00 8C 00 00 00 

*		Instruction type: 0x00
*		Code offset: 0x001011
0344	11 10 00 00 

*
*	1 REFERENCE(S) TO 8-BIT VAR AT BYTE #141 OF DATA AREA
0348	44 01 01 00 8D 00 00 00 

*		Instruction type: 0x00
*		Code offset: 0x001022
0350	22 10 00 00 

*
*	1 REFERENCE(S) TO 8-BIT VAR AT BYTE #142 OF DATA AREA
0354	44 01 01 00 8E 00 00 00 

*		Instruction type: 0x00
*		Code offset: 0x001033
035C	33 10 00 00 

*
*	1 REFERENCE(S) TO 8-BIT VAR AT BYTE #143 OF DATA AREA
0360	44 01 01 00 8F 00 00 00 

*		Instruction type: 0x00
*		Code offset: 0x001044
0368	44 10 00 00 

*
*	1 REFERENCE(S) TO 8-BIT VAR AT BYTE #144 OF DATA AREA
036C	44 01 01 00 90 00 00 00 

*		Instruction type: 0x00
*		Code offset: 0x001055
0374	55 10 00 00 

*
*	1 REFERENCE(S) TO 16-BIT VAR AT BYTE #145 OF DATA AREA
0378	44 02 01 00 91 00 00 00 

*		Instruction type: 0x00
*		Code offset: 0x001068
0380	68 10 00 00 

*
*	1 REFERENCE(S) TO 8-BIT VAR AT BYTE #147 OF DATA AREA
0384	44 01 01 00 93 00 00 00 

*		Instruction type: 0x00
*		Code offset: 0x000FE6
038C	E6 0F 00 00 

*
*	2 REFERENCE(S) TO 16-BIT VAR AT BYTE #148 OF DATA AREA
0390	44 02 02 00 94 00 00 00 

*		Instruction type: 0x00
*		Code offset: 0x000E5D
0398	5D 0E 00 00 

*		Instruction type: 0x00
*		Code offset: 0x0010B8
039C	B8 10 00 00 

*
*	2 REFERENCE(S) TO 16-BIT VAR AT BYTE #150 OF DATA AREA
03A0	44 02 02 00 96 00 00 00 

*		Instruction type: 0x00
*		Code offset: 0x000E6B
03A8	6B 0E 00 00 

*		Instruction type: 0x00
*		Code offset: 0x0010C1
03AC	C1 10 00 00 

*
*	2 REFERENCE(S) TO 16-BIT VAR AT BYTE #152 OF DATA AREA
03B0	44 02 02 00 98 00 00 00 

*		Instruction type: 0x00
*		Code offset: 0x000E79
03B8	79 0E 00 00 

*		Instruction type: 0x00
*		Code offset: 0x0010CA
03BC	CA 10 00 00 

*
*	2 REFERENCE(S) TO 16-BIT VAR AT BYTE #154 OF DATA AREA
03C0	44 02 02 00 9A 00 00 00 

*		Instruction type: 0x00
*		Code offset: 0x000E87
03C8	87 0E 00 00 

*		Instruction type: 0x00
*		Code offset: 0x0010D3
03CC	D3 10 00 00 

*
*	2 REFERENCE(S) TO 16-BIT VAR AT BYTE #156 OF DATA AREA
03D0	44 02 02 00 9C 00 00 00 

*		Instruction type: 0x00
*		Code offset: 0x000E95
03D8	95 0E 00 00 

*		Instruction type: 0x00
*		Code offset: 0x0010DC
03DC	DC 10 00 00 

*
*	2 REFERENCE(S) TO 16-BIT VAR AT BYTE #158 OF DATA AREA
03E0	44 02 02 00 9E 00 00 00 

*		Instruction type: 0x00
*		Code offset: 0x000EA3
03E8	A3 0E 00 00 

*		Instruction type: 0x00
*		Code offset: 0x0010E5
03EC	E5 10 00 00 

*
*	2 REFERENCE(S) TO 16-BIT VAR AT BYTE #160 OF DATA AREA
03F0	44 02 02 00 A0 00 00 00 

*		Instruction type: 0x00
*		Code offset: 0x000EB1
03F8	B1 0E 00 00 

*		Instruction type: 0x00
*		Code offset: 0x0010EE
03FC	EE 10 00 00 

*
*	2 REFERENCE(S) TO 16-BIT VAR AT BYTE #162 OF DATA AREA
0400	44 02 02 00 A2 00 00 00 

*		Instruction type: 0x00
*		Code offset: 0x000EBF
0408	BF 0E 00 00 

*		Instruction type: 0x00
*		Code offset: 0x0010F7
040C	F7 10 00 00 

*
*	2 REFERENCE(S) TO 16-BIT VAR AT BYTE #164 OF DATA AREA
0410	44 02 02 00 A4 00 00 00 

*		Instruction type: 0x00
*		Code offset: 0x000ECD
0418	CD 0E 00 00 

*		Instruction type: 0x00
*		Code offset: 0x001100
041C	00 11 00 00 

*
*	2 REFERENCE(S) TO 16-BIT VAR AT BYTE #166 OF DATA AREA
0420	44 02 02 00 A6 00 00 00 

*		Instruction type: 0x00
*		Code offset: 0x000EDB
0428	DB 0E 00 00 

*		Instruction type: 0x00
*		Code offset: 0x001109
042C	09 11 00 00 

*
*	2 REFERENCE(S) TO 16-BIT VAR AT BYTE #168 OF DATA AREA
0430	44 02 02 00 A8 00 00 00 

*		Instruction type: 0x00
*		Code offset: 0x000EE9
0438	E9 0E 00 00 

*		Instruction type: 0x00
*		Code offset: 0x001112
043C	12 11 00 00 

*
*	2 REFERENCE(S) TO 16-BIT VAR AT BYTE #170 OF DATA AREA
0440	44 02 02 00 AA 00 00 00 

*		Instruction type: 0x00
*		Code offset: 0x000EF7
0448	F7 0E 00 00 

*		Instruction type: 0x00
*		Code offset: 0x00111B
044C	1B 11 00 00 

*
*	2 REFERENCE(S) TO 16-BIT VAR AT BYTE #172 OF DATA AREA
0450	44 02 02 00 AC 00 00 00 

*		Instruction type: 0x00
*		Code offset: 0x000F05
0458	05 0F 00 00 

*		Instruction type: 0x00
*		Code offset: 0x001124
045C	24 11 00 00 

*
*	2 REFERENCE(S) TO 16-BIT VAR AT BYTE #174 OF DATA AREA
0460	44 02 02 00 AE 00 00 00 

*		Instruction type: 0x00
*		Code offset: 0x000F13
0468	13 0F 00 00 

*		Instruction type: 0x00
*		Code offset: 0x00112D
046C	2D 11 00 00 

*
*	2 REFERENCE(S) TO 16-BIT VAR AT BYTE #176 OF DATA AREA
0470	44 02 02 00 B0 00 00 00 

*		Instruction type: 0x00
*		Code offset: 0x000F21
0478	21 0F 00 00 

*		Instruction type: 0x00
*		Code offset: 0x001136
047C	36 11 00 00 

*
*	2 REFERENCE(S) TO 16-BIT VAR AT BYTE #178 OF DATA AREA
0480	44 02 02 00 B2 00 00 00 

*		Instruction type: 0x00
*		Code offset: 0x000F2F
0488	2F 0F 00 00 

*		Instruction type: 0x00
*		Code offset: 0x00113F
048C	3F 11 00 00 

*
*	2 REFERENCE(S) TO 16-BIT VAR AT BYTE #180 OF DATA AREA
0490	44 02 02 00 B4 00 00 00 

*		Instruction type: 0x00
*		Code offset: 0x000F3D
0498	3D 0F 00 00 

*		Instruction type: 0x00
*		Code offset: 0x001148
049C	48 11 00 00 

*
*	2 REFERENCE(S) TO 16-BIT VAR AT BYTE #182 OF DATA AREA
04A0	44 02 02 00 B6 00 00 00 

*		Instruction type: 0x00
*		Code offset: 0x000F4B
04A8	4B 0F 00 00 

*		Instruction type: 0x00
*		Code offset: 0x001151
04AC	51 11 00 00 

*
*	2 REFERENCE(S) TO 16-BIT VAR AT BYTE #184 OF DATA AREA
04B0	44 02 02 00 B8 00 00 00 

*		Instruction type: 0x00
*		Code offset: 0x000F59
04B8	59 0F 00 00 

*		Instruction type: 0x00
*		Code offset: 0x00115A
04BC	5A 11 00 00 

*
*	2 REFERENCE(S) TO 16-BIT VAR AT BYTE #186 OF DATA AREA
04C0	44 02 02 00 BA 00 00 00 

*		Instruction type: 0x00
*		Code offset: 0x000F67
04C8	67 0F 00 00 

*		Instruction type: 0x00
*		Code offset: 0x001163
04CC	63 11 00 00 

*
*	2 REFERENCE(S) TO 16-BIT VAR AT BYTE #188 OF DATA AREA
04D0	44 02 02 00 BC 00 00 00 

*		Instruction type: 0x00
*		Code offset: 0x000F75
04D8	75 0F 00 00 

*		Instruction type: 0x00
*		Code offset: 0x00116C
04DC	6C 11 00 00 

*
*	2 REFERENCE(S) TO 16-BIT VAR AT BYTE #190 OF DATA AREA
04E0	44 02 02 00 BE 00 00 00 

*		Instruction type: 0x00
*		Code offset: 0x000F83
04E8	83 0F 00 00 

*		Instruction type: 0x00
*		Code offset: 0x001175
04EC	75 11 00 00 

*
*	2 REFERENCE(S) TO 16-BIT VAR AT BYTE #192 OF DATA AREA
04F0	44 02 02 00 C0 00 00 00 

*		Instruction type: 0x00
*		Code offset: 0x000F91
04F8	91 0F 00 00 

*		Instruction type: 0x00
*		Code offset: 0x00117E
04FC	7E 11 00 00 

*
*	2 REFERENCE(S) TO 16-BIT VAR AT BYTE #194 OF DATA AREA
0500	44 02 02 00 C2 00 00 00 

*		Instruction type: 0x00
*		Code offset: 0x000F9F
0508	9F 0F 00 00 

*		Instruction type: 0x00
*		Code offset: 0x001187
050C	87 11 00 00 

*
*	2 REFERENCE(S) TO 16-BIT VAR AT BYTE #196 OF DATA AREA
0510	44 02 02 00 C4 00 00 00 

*		Instruction type: 0x00
*		Code offset: 0x000FAD
0518	AD 0F 00 00 

*		Instruction type: 0x00
*		Code offset: 0x001190
051C	90 11 00 00 

*
*	2 REFERENCE(S) TO 16-BIT VAR AT BYTE #198 OF DATA AREA
0520	44 02 02 00 C6 00 00 00 

*		Instruction type: 0x00
*		Code offset: 0x000FBB
0528	BB 0F 00 00 

*		Instruction type: 0x00
*		Code offset: 0x001199
052C	99 11 00 00 

*
*	2 REFERENCE(S) TO 16-BIT VAR AT BYTE #200 OF DATA AREA
0530	44 02 02 00 C8 00 00 00 

*		Instruction type: 0x00
*		Code offset: 0x000FC9
0538	C9 0F 00 00 

*		Instruction type: 0x00
*		Code offset: 0x0011A2
053C	A2 11 00 00 

*
*	2 REFERENCE(S) TO 16-BIT VAR AT BYTE #202 OF DATA AREA
0540	44 02 02 00 CA 00 00 00 

*		Instruction type: 0x00
*		Code offset: 0x000FD7
0548	D7 0F 00 00 

*		Instruction type: 0x00
*		Code offset: 0x0011AB
054C	AB 11 00 00 

*
*	1 REFERENCE(S) TO 8-BIT VAR AT BYTE #204 OF DATA AREA
0550	44 01 01 00 CC 00 00 00 

*		Instruction type: 0x00
*		Code offset: 0x000FF7
0558	F7 0F 00 00 

*
*	1 REFERENCE(S) TO 8-BIT VAR AT BYTE #205 OF DATA AREA
055C	44 01 01 00 CD 00 00 00 

*		Instruction type: 0x00
*		Code offset: 0x001008
0564	08 10 00 00 

*
*	1 REFERENCE(S) TO 8-BIT VAR AT BYTE #206 OF DATA AREA
0568	44 01 01 00 CE 00 00 00 

*		Instruction type: 0x00
*		Code offset: 0x001019
0570	19 10 00 00 

*
*	1 REFERENCE(S) TO 8-BIT VAR AT BYTE #207 OF DATA AREA
0574	44 01 01 00 CF 00 00 00 

*		Instruction type: 0x00
*		Code offset: 0x00102A
057C	2A 10 00 00 

*
*	1 REFERENCE(S) TO 8-BIT VAR AT BYTE #208 OF DATA AREA
0580	44 01 01 00 D0 00 00 00 

*		Instruction type: 0x00
*		Code offset: 0x00103B
0588	3B 10 00 00 

*
*	1 REFERENCE(S) TO 8-BIT VAR AT BYTE #209 OF DATA AREA
058C	44 01 01 00 D1 00 00 00 

*		Instruction type: 0x00
*		Code offset: 0x00104C
0594	4C 10 00 00 

*
*	1 REFERENCE(S) TO 32-BIT VAR AT BYTE #212 OF DATA AREA
0598	44 04 01 00 D4 00 00 00 

*		Instruction type: 0x00
*		Code offset: 0x0011B8
05A0	B8 11 00 00 

*
*	1 REFERENCE(S) TO 32-BIT VAR AT BYTE #220 OF DATA AREA
05A4	44 04 01 00 DC 00 00 00 

*		Instruction type: 0x00
*		Code offset: 0x0011C3
05AC	C3 11 00 00 

*
*	1 REFERENCE(S) TO 32-BIT VAR AT BYTE #228 OF DATA AREA
05B0	44 04 01 00 E4 00 00 00 

*		Instruction type: 0x00
*		Code offset: 0x0011CE
05B8	CE 11 00 00 

*
*	1 REFERENCE(S) TO 112-BIT VAR AT BYTE #1142 OF DATA AREA
05BC	44 0E 01 00 76 04 00 00 

*		Instruction type: 0x00
*		Code offset: 0x00075B
05C4	5B 07 00 00 

*
*	17 REFERENCE(S) TO 8-BIT VAR AT BYTE #1146 OF DATA AREA
05C8	44 01 11 00 7A 04 00 00 

*		Instruction type: 0x00
*		Code offset: 0x000881
05D0	81 08 00 00 

*		Instruction type: 0x00
*		Code offset: 0x0008C6
05D4	C6 08 00 00 

*		Instruction type: 0x00
*		Code offset: 0x0008ED
05D8	ED 08 00 00 

*		Instruction type: 0x00
*		Code offset: 0x000939
05DC	39 09 00 00 

*		Instruction type: 0x00
*		Code offset: 0x000990
05E0	90 09 00 00 

*		Instruction type: 0x00
*		Code offset: 0x0009D5
05E4	D5 09 00 00 

*		Instruction type: 0x00
*		Code offset: 0x0009FC
05E8	FC 09 00 00 

*		Instruction type: 0x00
*		Code offset: 0x000A53
05EC	53 0A 00 00 

*		Instruction type: 0x00
*		Code offset: 0x000AA6
05F0	A6 0A 00 00 

*		Instruction type: 0x00
*		Code offset: 0x000ADB
05F4	DB 0A 00 00 

*		Instruction type: 0x00
*		Code offset: 0x000B32
05F8	32 0B 00 00 

*		Instruction type: 0x00
*		Code offset: 0x000B88
05FC	88 0B 00 00 

*		Instruction type: 0x00
*		Code offset: 0x000BF4
0600	F4 0B 00 00 

*		Instruction type: 0x00
*		Code offset: 0x000C1F
0604	1F 0C 00 00 

*		Instruction type: 0x00
*		Code offset: 0x000C32
0608	32 0C 00 00 

*		Instruction type: 0x00
*		Code offset: 0x000C8D
060C	8D 0C 00 00 

*		Instruction type: 0x00
*		Code offset: 0x000D1E
0610	1E 0D 00 00 

*
*	1 REFERENCE(S) TO 32-BIT VAR AT BYTE #1147 OF DATA AREA
0614	44 04 01 00 7B 04 00 00 

*		Instruction type: 0x00
*		Code offset: 0x000755
061C	55 07 00 00 

*
*	11 REFERENCE(S) TO 8-BIT VAR AT BYTE #1151 OF DATA AREA
0620	44 01 0B 00 7F 04 00 00 

*		Instruction type: 0x00
*		Code offset: 0x0008AE
0628	AE 08 00 00 

*		Instruction type: 0x00
*		Code offset: 0x0008DF
062C	DF 08 00 00 

*		Instruction type: 0x00
*		Code offset: 0x0009BD
0630	BD 09 00 00 

*		Instruction type: 0x00
*		Code offset: 0x0009EE
0634	EE 09 00 00 

*		Instruction type: 0x00
*		Code offset: 0x000A80
0638	80 0A 00 00 

*		Instruction type: 0x00
*		Code offset: 0x000ACD
063C	CD 0A 00 00 

*		Instruction type: 0x00
*		Code offset: 0x000B7A
0640	7A 0B 00 00 

*		Instruction type: 0x00
*		Code offset: 0x000BC6
0644	C6 0B 00 00 

*		Instruction type: 0x00
*		Code offset: 0x000BE6
0648	E6 0B 00 00 

*		Instruction type: 0x00
*		Code offset: 0x000C5F
064C	5F 0C 00 00 

*		Instruction type: 0x00
*		Code offset: 0x000C7F
0650	7F 0C 00 00 

*
*	10 REFERENCE(S) TO 16-BIT VAR AT BYTE #1156 OF DATA AREA
0654	44 02 0A 00 84 04 00 00 

*		Instruction type: 0x00
*		Code offset: 0x00076F
065C	6F 07 00 00 

*		Instruction type: 0x00
*		Code offset: 0x00083F
0660	3F 08 00 00 

*		Instruction type: 0x00
*		Code offset: 0x000888
0664	88 08 00 00 

*		Instruction type: 0x00
*		Code offset: 0x000905
0668	05 09 00 00 

*		Instruction type: 0x00
*		Code offset: 0x000997
066C	97 09 00 00 

*		Instruction type: 0x00
*		Code offset: 0x000A5A
0670	5A 0A 00 00 

*		Instruction type: 0x00
*		Code offset: 0x000B39
0674	39 0B 00 00 

*		Instruction type: 0x00
*		Code offset: 0x000BA0
0678	A0 0B 00 00 

*		Instruction type: 0x00
*		Code offset: 0x000C39
067C	39 0C 00 00 

*		Instruction type: 0x00
*		Code offset: 0x000CA5
0680	A5 0C 00 00 

*
*	18 REFERENCE(S) TO 16-BIT VAR AT BYTE #1158 OF DATA AREA
0684	44 02 12 00 86 04 00 00 

*		Instruction type: 0x00
*		Code offset: 0x000776
068C	76 07 00 00 

*		Instruction type: 0x00
*		Code offset: 0x000792
0690	92 07 00 00 

*		Instruction type: 0x00
*		Code offset: 0x0007AE
0694	AE 07 00 00 

*		Instruction type: 0x00
*		Code offset: 0x0007CA
0698	CA 07 00 00 

*		Instruction type: 0x00
*		Code offset: 0x0007E6
069C	E6 07 00 00 

*		Instruction type: 0x00
*		Code offset: 0x0008D2
06A0	D2 08 00 00 

*		Instruction type: 0x00
*		Code offset: 0x0008F9
06A4	F9 08 00 00 

*		Instruction type: 0x00
*		Code offset: 0x000945
06A8	45 09 00 00 

*		Instruction type: 0x00
*		Code offset: 0x0009E1
06AC	E1 09 00 00 

*		Instruction type: 0x00
*		Code offset: 0x000A08
06B0	08 0A 00 00 

*		Instruction type: 0x00
*		Code offset: 0x000AB2
06B4	B2 0A 00 00 

*		Instruction type: 0x00
*		Code offset: 0x000AE7
06B8	E7 0A 00 00 

*		Instruction type: 0x00
*		Code offset: 0x000B94
06BC	94 0B 00 00 

*		Instruction type: 0x00
*		Code offset: 0x000C00
06C0	00 0C 00 00 

*		Instruction type: 0x00
*		Code offset: 0x000C11
06C4	11 0C 00 00 

*		Instruction type: 0x00
*		Code offset: 0x000C99
06C8	99 0C 00 00 

*		Instruction type: 0x00
*		Code offset: 0x000CD7
06CC	D7 0C 00 00 

*		Instruction type: 0x00
*		Code offset: 0x000D10
06D0	10 0D 00 00 

*
*	1 REFERENCE(S) TO 48-BIT VAR AT BYTE #1160 OF DATA AREA
06D4	44 06 01 00 88 04 00 00 

*		Instruction type: 0x00
*		Code offset: 0x0011B2
06DC	B2 11 00 00 

*
*	1 REFERENCE(S) TO 48-BIT VAR AT BYTE #1166 OF DATA AREA
06E0	44 06 01 00 8E 04 00 00 

*		Instruction type: 0x00
*		Code offset: 0x0011BD
06E8	BD 11 00 00 

*
*	1 REFERENCE(S) TO 48-BIT VAR AT BYTE #1172 OF DATA AREA
06EC	44 06 01 00 94 04 00 00 

*		Instruction type: 0x00
*		Code offset: 0x0011C8
06F4	C8 11 00 00 

